<?xml version="1.0" encoding="UTF-8"?>
<!-- Generated by org.testng.reporters.JUnitReportReporter -->
<testsuite hostname="LMMUMLP1339" failures="0" tests="1" name="Day2.Appium_TestNG" time="38.057" errors="0" timestamp="2024-02-02T15:55:02 IST" skipped="0">
  <testcase classname="Day2.Appium_TestNG" name="f" time="38.057"/>
</testsuite> <!-- Day2.Appium_TestNG -->
